This file contains any messages produced by compilers while
running configure, to aid debugging if configure makes a mistake.

It was created by fs configure 4.1.0, which was
generated by GNU Autoconf 2.71.  Invocation command line was

  $ ./configure

## --------- ##
## Platform. ##
## --------- ##

hostname = Deli
uname -m = x86_64
uname -r = 6.8.0-88-generic
uname -s = Linux
uname -v = #89-Ubuntu SMP PREEMPT_DYNAMIC Sat Oct 11 01:02:46 UTC 2025

/usr/bin/uname -p = x86_64
/bin/uname -X     = unknown

/bin/arch              = x86_64
/usr/bin/arch -k       = unknown
/usr/convex/getsysinfo = unknown
/usr/bin/hostinfo      = unknown
/bin/machine           = unknown
/usr/bin/oslevel       = unknown
/bin/universe          = unknown

PATH: /home/linuxbrew/.linuxbrew/bin/
PATH: /home/linuxbrew/.linuxbrew/sbin/
PATH: /home/huan/miniconda3/bin/
PATH: /home/huan/miniconda3/condabin/
PATH: /home/huan/build/hmmer-3.4/bin/
PATH: /home/huan/.local/bin/
PATH: /usr/local/sbin/
PATH: /usr/local/bin/
PATH: /usr/sbin/
PATH: /usr/bin/
PATH: /sbin/
PATH: /bin/
PATH: /usr/games/
PATH: /usr/local/games/
PATH: /snap/bin/
PATH: /snap/bin/
PATH: /home/huan/.lmstudio/bin/
PATH: /usr/bin/bin/
PATH: /home/huan/.local/bin/
PATH: /home/huan/.lmstudio/bin/


## ----------- ##
## Core tests. ##
## ----------- ##

configure:2713: looking for aux files: config.guess config.sub ltmain.sh compile missing install-sh
configure:2726:  trying ./config/
configure:2755:   ./config/config.guess found
configure:2755:   ./config/config.sub found
configure:2755:   ./config/ltmain.sh found
configure:2755:   ./config/compile found
configure:2755:   ./config/missing found
configure:2737:   ./config/install-sh found
configure:2886: checking for a BSD-compatible install
configure:2959: result: /usr/bin/install -c
configure:2970: checking whether build environment is sane
configure:3025: result: yes
configure:3184: checking for a race-free mkdir -p
configure:3228: result: /usr/bin/mkdir -p
configure:3235: checking for gawk
configure:3256: found /home/huan/miniconda3/bin/gawk
configure:3267: result: gawk
configure:3278: checking whether make sets $(MAKE)
configure:3301: result: yes
configure:3331: checking whether make supports nested variables
configure:3349: result: yes
configure:3557: checking for g++
configure:3578: found /usr/bin/g++
configure:3589: result: g++
configure:3616: checking for C++ compiler version
configure:3625: g++ --version >&5
g++ (Ubuntu 13.3.0-6ubuntu2~24.04.1) 13.3.0
Copyright (C) 2023 Free Software Foundation, Inc.
This is free software; see the source for copying conditions.  There is NO
warranty; not even for MERCHANTABILITY or FITNESS FOR A PARTICULAR PURPOSE.

configure:3636: $? = 0
configure:3625: g++ -v >&5
Using built-in specs.
COLLECT_GCC=g++
COLLECT_LTO_WRAPPER=/usr/libexec/gcc/x86_64-linux-gnu/13/lto-wrapper
OFFLOAD_TARGET_NAMES=nvptx-none:amdgcn-amdhsa
OFFLOAD_TARGET_DEFAULT=1
Target: x86_64-linux-gnu
Configured with: ../src/configure -v --with-pkgversion='Ubuntu 13.3.0-6ubuntu2~24.04.1' --with-bugurl=file:///usr/share/doc/gcc-13/README.Bugs --enable-languages=c,ada,c++,go,d,fortran,objc,obj-c++,m2 --prefix=/usr --with-gcc-major-version-only --program-suffix=-13 --program-prefix=x86_64-linux-gnu- --enable-shared --enable-linker-build-id --libexecdir=/usr/libexec --without-included-gettext --enable-threads=posix --libdir=/usr/lib --enable-nls --enable-bootstrap --enable-clocale=gnu --enable-libstdcxx-debug --enable-libstdcxx-time=yes --with-default-libstdcxx-abi=new --enable-libstdcxx-backtrace --enable-gnu-unique-object --disable-vtable-verify --enable-plugin --enable-default-pie --with-system-zlib --enable-libphobos-checking=release --with-target-system-zlib=auto --enable-objc-gc=auto --enable-multiarch --disable-werror --enable-cet --with-arch-32=i686 --with-abi=m64 --with-multilib-list=m32,m64,mx32 --enable-multilib --with-tune=generic --enable-offload-targets=nvptx-none=/build/gcc-13-EldibY/gcc-13-13.3.0/debian/tmp-nvptx/usr,amdgcn-amdhsa=/build/gcc-13-EldibY/gcc-13-13.3.0/debian/tmp-gcn/usr --enable-offload-defaulted --without-cuda-driver --enable-checking=release --build=x86_64-linux-gnu --host=x86_64-linux-gnu --target=x86_64-linux-gnu --with-build-config=bootstrap-lto-lean --enable-link-serialization=2
Thread model: posix
Supported LTO compression algorithms: zlib zstd
gcc version 13.3.0 (Ubuntu 13.3.0-6ubuntu2~24.04.1) 
... rest of stderr output deleted ...
configure:3636: $? = 0
configure:3625: g++ -V >&5
g++: error: unrecognized command-line option '-V'
g++: fatal error: no input files
compilation terminated.
configure:3636: $? = 1
configure:3625: g++ -qversion >&5
g++: error: unrecognized command-line option '-qversion'; did you mean '--version'?
g++: fatal error: no input files
compilation terminated.
configure:3636: $? = 1
configure:3656: checking whether the C++ compiler works
configure:3678: g++    conftest.cpp  >&5
configure:3682: $? = 0
configure:3732: result: yes
configure:3735: checking for C++ compiler default output file name
configure:3737: result: a.out
configure:3743: checking for suffix of executables
configure:3750: g++ -o conftest    conftest.cpp  >&5
configure:3754: $? = 0
configure:3777: result: 
configure:3799: checking whether we are cross compiling
configure:3807: g++ -o conftest    conftest.cpp  >&5
configure:3811: $? = 0
configure:3818: ./conftest
configure:3822: $? = 0
configure:3837: result: no
configure:3842: checking for suffix of object files
configure:3865: g++ -c   conftest.cpp >&5
configure:3869: $? = 0
configure:3891: result: o
configure:3895: checking whether the compiler supports GNU C++
configure:3915: g++ -c   conftest.cpp >&5
configure:3915: $? = 0
configure:3925: result: yes
configure:3936: checking whether g++ accepts -g
configure:3957: g++ -c -g  conftest.cpp >&5
configure:3957: $? = 0
configure:4001: result: yes
configure:4021: checking for g++ option to enable C++11 features
configure:4036: g++  -c -g -O2  conftest.cpp >&5
conftest.cpp: In function 'int main(int, char**)':
conftest.cpp:175:25: warning: empty parentheses were disambiguated as a function declaration [-Wvexing-parse]
  175 |   cxx11test::delegate d2();
      |                         ^~
conftest.cpp:175:25: note: remove parentheses to default-initialize a variable
  175 |   cxx11test::delegate d2();
      |                         ^~
      |                         --
conftest.cpp:175:25: note: or replace parentheses with braces to value-initialize a variable
configure:4036: $? = 0
configure:4054: result: none needed
configure:4121: checking whether make supports the include directive
configure:4136: make -f confmf.GNU && cat confinc.out
this is the am__doit target
configure:4139: $? = 0
configure:4158: result: yes (GNU style)
configure:4184: checking dependency style of g++
configure:4296: result: gcc3
configure:4373: checking for gcc
configure:4394: found /usr/bin/gcc
configure:4405: result: gcc
configure:4758: checking for C compiler version
configure:4767: gcc --version >&5
gcc (Ubuntu 13.3.0-6ubuntu2~24.04.1) 13.3.0
Copyright (C) 2023 Free Software Foundation, Inc.
This is free software; see the source for copying conditions.  There is NO
warranty; not even for MERCHANTABILITY or FITNESS FOR A PARTICULAR PURPOSE.

configure:4778: $? = 0
configure:4767: gcc -v >&5
Using built-in specs.
COLLECT_GCC=gcc
COLLECT_LTO_WRAPPER=/usr/libexec/gcc/x86_64-linux-gnu/13/lto-wrapper
OFFLOAD_TARGET_NAMES=nvptx-none:amdgcn-amdhsa
OFFLOAD_TARGET_DEFAULT=1
Target: x86_64-linux-gnu
Configured with: ../src/configure -v --with-pkgversion='Ubuntu 13.3.0-6ubuntu2~24.04.1' --with-bugurl=file:///usr/share/doc/gcc-13/README.Bugs --enable-languages=c,ada,c++,go,d,fortran,objc,obj-c++,m2 --prefix=/usr --with-gcc-major-version-only --program-suffix=-13 --program-prefix=x86_64-linux-gnu- --enable-shared --enable-linker-build-id --libexecdir=/usr/libexec --without-included-gettext --enable-threads=posix --libdir=/usr/lib --enable-nls --enable-bootstrap --enable-clocale=gnu --enable-libstdcxx-debug --enable-libstdcxx-time=yes --with-default-libstdcxx-abi=new --enable-libstdcxx-backtrace --enable-gnu-unique-object --disable-vtable-verify --enable-plugin --enable-default-pie --with-system-zlib --enable-libphobos-checking=release --with-target-system-zlib=auto --enable-objc-gc=auto --enable-multiarch --disable-werror --enable-cet --with-arch-32=i686 --with-abi=m64 --with-multilib-list=m32,m64,mx32 --enable-multilib --with-tune=generic --enable-offload-targets=nvptx-none=/build/gcc-13-EldibY/gcc-13-13.3.0/debian/tmp-nvptx/usr,amdgcn-amdhsa=/build/gcc-13-EldibY/gcc-13-13.3.0/debian/tmp-gcn/usr --enable-offload-defaulted --without-cuda-driver --enable-checking=release --build=x86_64-linux-gnu --host=x86_64-linux-gnu --target=x86_64-linux-gnu --with-build-config=bootstrap-lto-lean --enable-link-serialization=2
Thread model: posix
Supported LTO compression algorithms: zlib zstd
gcc version 13.3.0 (Ubuntu 13.3.0-6ubuntu2~24.04.1) 
... rest of stderr output deleted ...
configure:4778: $? = 0
configure:4767: gcc -V >&5
gcc: error: unrecognized command-line option '-V'
gcc: fatal error: no input files
compilation terminated.
configure:4778: $? = 1
configure:4767: gcc -qversion >&5
gcc: error: unrecognized command-line option '-qversion'; did you mean '--version'?
gcc: fatal error: no input files
compilation terminated.
configure:4778: $? = 1
configure:4767: gcc -version >&5
gcc: error: unrecognized command-line option '-version'
gcc: fatal error: no input files
compilation terminated.
configure:4778: $? = 1
configure:4782: checking whether the compiler supports GNU C
configure:4802: gcc -c   conftest.c >&5
configure:4802: $? = 0
configure:4812: result: yes
configure:4823: checking whether gcc accepts -g
configure:4844: gcc -c -g  conftest.c >&5
configure:4844: $? = 0
configure:4888: result: yes
configure:4908: checking for gcc option to enable C11 features
configure:4923: gcc  -c -g -O2  conftest.c >&5
configure:4923: $? = 0
configure:4941: result: none needed
configure:5057: checking whether gcc understands -c and -o together
configure:5080: gcc -c conftest.c -o conftest2.o
configure:5083: $? = 0
configure:5080: gcc -c conftest.c -o conftest2.o
configure:5083: $? = 0
configure:5095: result: yes
configure:5114: checking dependency style of gcc
configure:5226: result: gcc3
configure:5274: checking build system type
configure:5289: result: x86_64-pc-linux-gnu
configure:5309: checking host system type
configure:5323: result: x86_64-pc-linux-gnu
configure:5364: checking how to print strings
configure:5391: result: printf
configure:5412: checking for a sed that does not truncate output
configure:5482: result: /usr/bin/sed
configure:5500: checking for grep that handles long lines and -e
configure:5564: result: /usr/bin/grep
configure:5569: checking for egrep
configure:5637: result: /usr/bin/grep -E
configure:5642: checking for fgrep
configure:5710: result: /usr/bin/grep -F
configure:5746: checking for ld used by gcc
configure:5814: result: /usr/bin/ld
configure:5821: checking if the linker (/usr/bin/ld) is GNU ld
configure:5837: result: yes
configure:5849: checking for BSD- or MS-compatible name lister (nm)
configure:5904: result: /usr/bin/nm -B
configure:6044: checking the name lister (/usr/bin/nm -B) interface
configure:6052: g++ -c -g -O2  conftest.cpp >&5
configure:6055: /usr/bin/nm -B "conftest.o"
configure:6058: output
0000000000000000 B some_variable
configure:6065: result: BSD nm
configure:6068: checking whether ln -s works
configure:6072: result: yes
configure:6080: checking the maximum length of command line arguments
configure:6212: result: 2400000
configure:6260: checking how to convert x86_64-pc-linux-gnu file names to x86_64-pc-linux-gnu format
configure:6301: result: func_convert_file_noop
configure:6308: checking how to convert x86_64-pc-linux-gnu file names to toolchain format
configure:6329: result: func_convert_file_noop
configure:6336: checking for /usr/bin/ld option to reload object files
configure:6344: result: -r
configure:6423: checking for file
configure:6444: found /usr/bin/file
configure:6455: result: file
configure:6531: checking for objdump
configure:6552: found /usr/bin/objdump
configure:6563: result: objdump
configure:6595: checking how to recognize dependent libraries
configure:6796: result: pass_all
configure:6886: checking for dlltool
configure:6921: result: no
configure:6951: checking how to associate runtime and link libraries
configure:6979: result: printf %s\n
configure:7045: checking for ar
configure:7066: found /usr/bin/ar
configure:7077: result: ar
configure:7130: checking for archiver @FILE support
configure:7148: g++ -c -g -O2  conftest.cpp >&5
configure:7148: $? = 0
configure:7152: ar cr libconftest.a @conftest.lst >&5
configure:7155: $? = 0
configure:7160: ar cr libconftest.a @conftest.lst >&5
ar: conftest.o: No such file or directory
configure:7163: $? = 1
configure:7175: result: @
configure:7238: checking for strip
configure:7259: found /usr/bin/strip
configure:7270: result: strip
configure:7347: checking for ranlib
configure:7368: found /usr/bin/ranlib
configure:7379: result: ranlib
configure:7481: checking command to parse /usr/bin/nm -B output from gcc object
configure:7635: g++ -c -g -O2  conftest.cpp >&5
configure:7638: $? = 0
configure:7642: /usr/bin/nm -B conftest.o | /usr/bin/sed -n -e 's/^.*[	 ]\([ABCDGIRSTW][ABCDGIRSTW]*\)[	 ][	 ]*\([_A-Za-z][_A-Za-z0-9]*\)$/\1 \2 \2/p' | /usr/bin/sed '/ __gnu_lto/d' > conftest.nm
configure:7708: g++ -o conftest -g -O2   conftest.cpp conftstm.o >&5
configure:7711: $? = 0
configure:7749: result: ok
configure:7796: checking for sysroot
configure:7827: result: no
configure:7834: checking for a working dd
configure:7878: result: /usr/bin/dd
configure:7882: checking how to truncate binary pipes
configure:7898: result: /usr/bin/dd bs=4096 count=1
configure:8036: g++ -c -g -O2  conftest.cpp >&5
configure:8039: $? = 0
configure:8236: checking for mt
configure:8257: found /usr/bin/mt
configure:8268: result: mt
configure:8291: checking if mt is a manifest tool
configure:8298: mt '-?'
configure:8306: result: no
configure:9031: checking for stdio.h
configure:9031: g++ -c -g -O2  conftest.cpp >&5
configure:9031: $? = 0
configure:9031: result: yes
configure:9031: checking for stdlib.h
configure:9031: g++ -c -g -O2  conftest.cpp >&5
configure:9031: $? = 0
configure:9031: result: yes
configure:9031: checking for string.h
configure:9031: g++ -c -g -O2  conftest.cpp >&5
configure:9031: $? = 0
configure:9031: result: yes
configure:9031: checking for inttypes.h
configure:9031: g++ -c -g -O2  conftest.cpp >&5
configure:9031: $? = 0
configure:9031: result: yes
configure:9031: checking for stdint.h
configure:9031: g++ -c -g -O2  conftest.cpp >&5
configure:9031: $? = 0
configure:9031: result: yes
configure:9031: checking for strings.h
configure:9031: g++ -c -g -O2  conftest.cpp >&5
configure:9031: $? = 0
configure:9031: result: yes
configure:9031: checking for sys/stat.h
configure:9031: g++ -c -g -O2  conftest.cpp >&5
configure:9031: $? = 0
configure:9031: result: yes
configure:9031: checking for sys/types.h
configure:9031: g++ -c -g -O2  conftest.cpp >&5
configure:9031: $? = 0
configure:9031: result: yes
configure:9031: checking for unistd.h
configure:9031: g++ -c -g -O2  conftest.cpp >&5
configure:9031: $? = 0
configure:9031: result: yes
configure:9056: checking for dlfcn.h
configure:9056: g++ -c -g -O2  conftest.cpp >&5
configure:9056: $? = 0
configure:9056: result: yes
configure:9325: checking for objdir
configure:9341: result: .libs
configure:9605: checking if gcc supports -fno-rtti -fno-exceptions
configure:9624: gcc -c -g -O2  -fno-rtti -fno-exceptions conftest.c >&5
cc1: warning: command-line option '-fno-rtti' is valid for C++/D/ObjC++ but not for C
configure:9628: $? = 0
configure:9641: result: no
configure:10005: checking for gcc option to produce PIC
configure:10013: result: -fPIC -DPIC
configure:10021: checking if gcc PIC flag -fPIC -DPIC works
configure:10040: gcc -c -g -O2  -fPIC -DPIC -DPIC conftest.c >&5
configure:10044: $? = 0
configure:10057: result: yes
configure:10086: checking if gcc static flag -static works
configure:10115: result: yes
configure:10130: checking if gcc supports -c -o file.o
configure:10152: gcc -c -g -O2  -o out/conftest2.o conftest.c >&5
configure:10156: $? = 0
configure:10178: result: yes
configure:10186: checking if gcc supports -c -o file.o
configure:10234: result: yes
configure:10267: checking whether the gcc linker (/usr/bin/ld -m elf_x86_64) supports shared libraries
configure:11541: result: yes
configure:11578: checking whether -lc should be explicitly linked in
configure:11587: gcc -c -g -O2  conftest.c >&5
configure:11590: $? = 0
configure:11605: gcc -shared  -fPIC -DPIC conftest.o  -v -Wl,-soname -Wl,conftest -o conftest 2\>\&1 \| /usr/bin/grep  -lc  \>/dev/null 2\>\&1
configure:11608: $? = 0
configure:11622: result: no
configure:11782: checking dynamic linker characteristics
configure:12364: gcc -o conftest -g -O2   -Wl,-rpath -Wl,/foo conftest.c  >&5
configure:12364: $? = 0
configure:12615: result: GNU/Linux ld.so
configure:12737: checking how to hardcode library paths into programs
configure:12762: result: immediate
configure:13314: checking whether stripping libraries is possible
configure:13323: result: yes
configure:13365: checking if libtool supports shared libraries
configure:13367: result: yes
configure:13370: checking whether to build shared libraries
configure:13395: result: yes
configure:13398: checking whether to build static libraries
configure:13402: result: yes
configure:13425: checking how to run the C++ preprocessor
configure:13447: g++ -E  conftest.cpp
configure:13447: $? = 0
configure:13462: g++ -E  conftest.cpp
conftest.cpp:21:10: fatal error: ac_nonexistent.h: No such file or directory
   21 | #include <ac_nonexistent.h>
      |          ^~~~~~~~~~~~~~~~~~
compilation terminated.
configure:13462: $? = 1
configure: failed program was:
| /* confdefs.h */
| #define PACKAGE_NAME "fs"
| #define PACKAGE_TARNAME "fs"
| #define PACKAGE_VERSION "4.1.0"
| #define PACKAGE_STRING "fs 4.1.0"
| #define PACKAGE_BUGREPORT "dan.lawson@bristol.ac.uk"
| #define PACKAGE_URL "http://www.paintmychromosomes.com"
| #define HAVE_STDIO_H 1
| #define HAVE_STDLIB_H 1
| #define HAVE_STRING_H 1
| #define HAVE_INTTYPES_H 1
| #define HAVE_STDINT_H 1
| #define HAVE_STRINGS_H 1
| #define HAVE_SYS_STAT_H 1
| #define HAVE_SYS_TYPES_H 1
| #define HAVE_UNISTD_H 1
| #define STDC_HEADERS 1
| #define HAVE_DLFCN_H 1
| #define LT_OBJDIR ".libs/"
| /* end confdefs.h.  */
| #include <ac_nonexistent.h>
configure:13489: result: g++ -E
configure:13503: g++ -E  conftest.cpp
configure:13503: $? = 0
configure:13518: g++ -E  conftest.cpp
conftest.cpp:21:10: fatal error: ac_nonexistent.h: No such file or directory
   21 | #include <ac_nonexistent.h>
      |          ^~~~~~~~~~~~~~~~~~
compilation terminated.
configure:13518: $? = 1
configure: failed program was:
| /* confdefs.h */
| #define PACKAGE_NAME "fs"
| #define PACKAGE_TARNAME "fs"
| #define PACKAGE_VERSION "4.1.0"
| #define PACKAGE_STRING "fs 4.1.0"
| #define PACKAGE_BUGREPORT "dan.lawson@bristol.ac.uk"
| #define PACKAGE_URL "http://www.paintmychromosomes.com"
| #define HAVE_STDIO_H 1
| #define HAVE_STDLIB_H 1
| #define HAVE_STRING_H 1
| #define HAVE_INTTYPES_H 1
| #define HAVE_STDINT_H 1
| #define HAVE_STRINGS_H 1
| #define HAVE_SYS_STAT_H 1
| #define HAVE_SYS_TYPES_H 1
| #define HAVE_UNISTD_H 1
| #define STDC_HEADERS 1
| #define HAVE_DLFCN_H 1
| #define LT_OBJDIR ".libs/"
| /* end confdefs.h.  */
| #include <ac_nonexistent.h>
configure:13683: checking for ld used by g++
configure:13751: result: /usr/bin/ld -m elf_x86_64
configure:13758: checking if the linker (/usr/bin/ld -m elf_x86_64) is GNU ld
configure:13774: result: yes
configure:13829: checking whether the g++ linker (/usr/bin/ld -m elf_x86_64) supports shared libraries
configure:14907: result: yes
configure:14943: g++ -c -g -O2  conftest.cpp >&5
configure:14946: $? = 0
configure:15427: checking for g++ option to produce PIC
configure:15435: result: -fPIC -DPIC
configure:15443: checking if g++ PIC flag -fPIC -DPIC works
configure:15462: g++ -c -g -O2  -fPIC -DPIC -DPIC conftest.cpp >&5
configure:15466: $? = 0
configure:15479: result: yes
configure:15502: checking if g++ static flag -static works
configure:15531: result: yes
configure:15543: checking if g++ supports -c -o file.o
configure:15565: g++ -c -g -O2  -o out/conftest2.o conftest.cpp >&5
configure:15569: $? = 0
configure:15591: result: yes
configure:15596: checking if g++ supports -c -o file.o
configure:15644: result: yes
configure:15674: checking whether the g++ linker (/usr/bin/ld -m elf_x86_64) supports shared libraries
configure:15717: result: yes
configure:15859: checking dynamic linker characteristics
configure:16619: result: GNU/Linux ld.so
configure:16684: checking how to hardcode library paths into programs
configure:16709: result: immediate
configure:16793: checking for g++ option to support OpenMP
configure:16815: g++ -c -g -O2   conftest.cpp >&5
conftest.cpp:23:2: error: #error "OpenMP not supported"
   23 | #error "OpenMP not supported"
      |  ^~~~~
configure:16815: $? = 1
configure: failed program was:
| /* confdefs.h */
| #define PACKAGE_NAME "fs"
| #define PACKAGE_TARNAME "fs"
| #define PACKAGE_VERSION "4.1.0"
| #define PACKAGE_STRING "fs 4.1.0"
| #define PACKAGE_BUGREPORT "dan.lawson@bristol.ac.uk"
| #define PACKAGE_URL "http://www.paintmychromosomes.com"
| #define HAVE_STDIO_H 1
| #define HAVE_STDLIB_H 1
| #define HAVE_STRING_H 1
| #define HAVE_INTTYPES_H 1
| #define HAVE_STDINT_H 1
| #define HAVE_STRINGS_H 1
| #define HAVE_SYS_STAT_H 1
| #define HAVE_SYS_TYPES_H 1
| #define HAVE_UNISTD_H 1
| #define STDC_HEADERS 1
| #define HAVE_DLFCN_H 1
| #define LT_OBJDIR ".libs/"
| /* end confdefs.h.  */
| 
| #ifndef _OPENMP
| #error "OpenMP not supported"
| #endif
| #include <omp.h>
| int main (void) { return omp_get_num_threads (); }
| 
configure:16815: g++ -c -g -O2 -fopenmp  conftest.cpp >&5
configure:16815: $? = 0
configure:16827: g++ -o conftest -g -O2 -fopenmp   conftest.cpp  >&5
configure:16827: $? = 0
configure:16850: result: -fopenmp
configure:16965: checking that generated files are newer than configure
configure:16971: result: done
configure:16998: creating ./config.status

## ---------------------- ##
## Running config.status. ##
## ---------------------- ##

This file was extended by fs config.status 4.1.0, which was
generated by GNU Autoconf 2.71.  Invocation command line was

  CONFIG_FILES    = 
  CONFIG_HEADERS  = 
  CONFIG_LINKS    = 
  CONFIG_COMMANDS = 
  $ ./config.status 

on Deli

config.status:1146: creating Makefile
config.status:1146: creating config.h
config.status:1375: executing depfiles commands
config.status:1452: cd .       && sed -e '/# am--include-marker/d' Makefile         | make -f - am--depfiles
config.status:1457: $? = 0
config.status:1375: executing libtool commands

## ---------------- ##
## Cache variables. ##
## ---------------- ##

ac_cv_build=x86_64-pc-linux-gnu
ac_cv_c_compiler_gnu=yes
ac_cv_cxx_compiler_gnu=yes
ac_cv_env_CCC_set=
ac_cv_env_CCC_value=
ac_cv_env_CC_set=
ac_cv_env_CC_value=
ac_cv_env_CFLAGS_set=
ac_cv_env_CFLAGS_value=
ac_cv_env_CPPFLAGS_set=
ac_cv_env_CPPFLAGS_value=
ac_cv_env_CXXCPP_set=
ac_cv_env_CXXCPP_value=
ac_cv_env_CXXFLAGS_set=
ac_cv_env_CXXFLAGS_value=
ac_cv_env_CXX_set=
ac_cv_env_CXX_value=
ac_cv_env_LDFLAGS_set=
ac_cv_env_LDFLAGS_value=
ac_cv_env_LIBS_set=
ac_cv_env_LIBS_value=
ac_cv_env_LT_SYS_LIBRARY_PATH_set=
ac_cv_env_LT_SYS_LIBRARY_PATH_value=
ac_cv_env_build_alias_set=
ac_cv_env_build_alias_value=
ac_cv_env_host_alias_set=
ac_cv_env_host_alias_value=
ac_cv_env_target_alias_set=
ac_cv_env_target_alias_value=
ac_cv_header_dlfcn_h=yes
ac_cv_header_inttypes_h=yes
ac_cv_header_stdint_h=yes
ac_cv_header_stdio_h=yes
ac_cv_header_stdlib_h=yes
ac_cv_header_string_h=yes
ac_cv_header_strings_h=yes
ac_cv_header_sys_stat_h=yes
ac_cv_header_sys_types_h=yes
ac_cv_header_unistd_h=yes
ac_cv_host=x86_64-pc-linux-gnu
ac_cv_objext=o
ac_cv_path_EGREP='/usr/bin/grep -E'
ac_cv_path_FGREP='/usr/bin/grep -F'
ac_cv_path_GREP=/usr/bin/grep
ac_cv_path_SED=/usr/bin/sed
ac_cv_path_install='/usr/bin/install -c'
ac_cv_path_lt_DD=/usr/bin/dd
ac_cv_path_mkdir=/usr/bin/mkdir
ac_cv_prog_AWK=gawk
ac_cv_prog_CXXCPP='g++ -E'
ac_cv_prog_ac_ct_AR=ar
ac_cv_prog_ac_ct_CC=gcc
ac_cv_prog_ac_ct_CXX=g++
ac_cv_prog_ac_ct_FILECMD=file
ac_cv_prog_ac_ct_MANIFEST_TOOL=mt
ac_cv_prog_ac_ct_OBJDUMP=objdump
ac_cv_prog_ac_ct_RANLIB=ranlib
ac_cv_prog_ac_ct_STRIP=strip
ac_cv_prog_cc_c11=
ac_cv_prog_cc_g=yes
ac_cv_prog_cc_stdc=
ac_cv_prog_cxx_cxx11=
ac_cv_prog_cxx_g=yes
ac_cv_prog_cxx_openmp=-fopenmp
ac_cv_prog_cxx_stdcxx=
ac_cv_prog_make_make_set=yes
am_cv_CC_dependencies_compiler_type=gcc3
am_cv_CXX_dependencies_compiler_type=gcc3
am_cv_make_support_nested_variables=yes
am_cv_prog_cc_c_o=yes
lt_cv_ar_at_file=@
lt_cv_archive_cmds_need_lc=no
lt_cv_deplibs_check_method=pass_all
lt_cv_file_magic_cmd='$MAGIC_CMD'
lt_cv_file_magic_test_file=
lt_cv_ld_reload_flag=-r
lt_cv_nm_interface='BSD nm'
lt_cv_objdir=.libs
lt_cv_path_LD=/usr/bin/ld
lt_cv_path_LDCXX='/usr/bin/ld -m elf_x86_64'
lt_cv_path_NM='/usr/bin/nm -B'
lt_cv_path_mainfest_tool=no
lt_cv_prog_compiler_c_o=yes
lt_cv_prog_compiler_c_o_CXX=yes
lt_cv_prog_compiler_pic='-fPIC -DPIC'
lt_cv_prog_compiler_pic_CXX='-fPIC -DPIC'
lt_cv_prog_compiler_pic_works=yes
lt_cv_prog_compiler_pic_works_CXX=yes
lt_cv_prog_compiler_rtti_exceptions=no
lt_cv_prog_compiler_static_works=yes
lt_cv_prog_compiler_static_works_CXX=yes
lt_cv_prog_gnu_ld=yes
lt_cv_prog_gnu_ldcxx=yes
lt_cv_sharedlib_from_linklib_cmd='printf %s\n'
lt_cv_shlibpath_overrides_runpath=yes
lt_cv_sys_global_symbol_pipe='/usr/bin/sed -n -e '\''s/^.*[	 ]\([ABCDGIRSTW][ABCDGIRSTW]*\)[	 ][	 ]*\([_A-Za-z][_A-Za-z0-9]*\)$/\1 \2 \2/p'\'' | /usr/bin/sed '\''/ __gnu_lto/d'\'''
lt_cv_sys_global_symbol_to_c_name_address='/usr/bin/sed -n -e '\''s/^: \(.*\) .*$/  {"\1", (void *) 0},/p'\'' -e '\''s/^[ABCDGIRSTW][ABCDGIRSTW]* .* \(.*\)$/  {"\1", (void *) \&\1},/p'\'''
lt_cv_sys_global_symbol_to_c_name_address_lib_prefix='/usr/bin/sed -n -e '\''s/^: \(.*\) .*$/  {"\1", (void *) 0},/p'\'' -e '\''s/^[ABCDGIRSTW][ABCDGIRSTW]* .* \(lib.*\)$/  {"\1", (void *) \&\1},/p'\'' -e '\''s/^[ABCDGIRSTW][ABCDGIRSTW]* .* \(.*\)$/  {"lib\1", (void *) \&\1},/p'\'''
lt_cv_sys_global_symbol_to_cdecl='/usr/bin/sed -n -e '\''s/^T .* \(.*\)$/extern int \1();/p'\'' -e '\''s/^[ABCDGIRSTW][ABCDGIRSTW]* .* \(.*\)$/extern char \1;/p'\'''
lt_cv_sys_global_symbol_to_import=
lt_cv_sys_max_cmd_len=2400000
lt_cv_to_host_file_cmd=func_convert_file_noop
lt_cv_to_tool_file_cmd=func_convert_file_noop
lt_cv_truncate_bin='/usr/bin/dd bs=4096 count=1'

## ----------------- ##
## Output variables. ##
## ----------------- ##

ACLOCAL='${SHELL} '\''/home/huan/GitHub/finestructure4_fh/config/missing'\'' aclocal-1.16'
AMDEPBACKSLASH='\'
AMDEP_FALSE='#'
AMDEP_TRUE=''
AMTAR='$${TAR-tar}'
AM_BACKSLASH='\'
AM_CXXFLAGS='-fopenmp'
AM_DEFAULT_V='$(AM_DEFAULT_VERBOSITY)'
AM_DEFAULT_VERBOSITY='1'
AM_V='$(V)'
AR='ar'
AUTOCONF='${SHELL} '\''/home/huan/GitHub/finestructure4_fh/config/missing'\'' autoconf'
AUTOHEADER='${SHELL} '\''/home/huan/GitHub/finestructure4_fh/config/missing'\'' autoheader'
AUTOMAKE='${SHELL} '\''/home/huan/GitHub/finestructure4_fh/config/missing'\'' automake-1.16'
AWK='gawk'
CC='gcc'
CCDEPMODE='depmode=gcc3'
CFLAGS='-g -O2'
CPPFLAGS=''
CSCOPE='cscope'
CTAGS='ctags'
CXX='g++'
CXXCPP='g++ -E'
CXXDEPMODE='depmode=gcc3'
CXXFLAGS='-g -O2'
CYGPATH_W='echo'
DEFS='-DHAVE_CONFIG_H'
DEPDIR='.deps'
DLLTOOL='false'
DSYMUTIL=''
DUMPBIN=''
ECHO_C=''
ECHO_N='-n'
ECHO_T=''
EGREP='/usr/bin/grep -E'
ETAGS='etags'
EXEEXT=''
FGREP='/usr/bin/grep -F'
FILECMD='file'
GREP='/usr/bin/grep'
INSTALL_DATA='${INSTALL} -m 644'
INSTALL_PROGRAM='${INSTALL}'
INSTALL_SCRIPT='${INSTALL}'
INSTALL_STRIP_PROGRAM='$(install_sh) -c -s'
LD='/usr/bin/ld -m elf_x86_64'
LDFLAGS=''
LIBOBJS=''
LIBS=''
LIBTOOL='$(SHELL) $(top_builddir)/libtool'
LIPO=''
LN_S='ln -s'
LTLIBOBJS=''
LT_SYS_LIBRARY_PATH=''
MAKEINFO='${SHELL} '\''/home/huan/GitHub/finestructure4_fh/config/missing'\'' makeinfo'
MANIFEST_TOOL=':'
MKDIR_P='/usr/bin/mkdir -p'
NM='/usr/bin/nm -B'
NMEDIT=''
OBJDUMP='objdump'
OBJEXT='o'
OPENMP_CXXFLAGS='-fopenmp'
OTOOL64=''
OTOOL=''
PACKAGE='fs'
PACKAGE_BUGREPORT='dan.lawson@bristol.ac.uk'
PACKAGE_NAME='fs'
PACKAGE_STRING='fs 4.1.0'
PACKAGE_TARNAME='fs'
PACKAGE_URL='http://www.paintmychromosomes.com'
PACKAGE_VERSION='4.1.0'
PATH_SEPARATOR=':'
RANLIB='ranlib'
SED='/usr/bin/sed'
SET_MAKE=''
SHELL='/bin/bash'
STRIP='strip'
VERSION='4.1.0'
ac_ct_AR='ar'
ac_ct_CC='gcc'
ac_ct_CXX='g++'
ac_ct_DUMPBIN=''
am__EXEEXT_FALSE=''
am__EXEEXT_TRUE='#'
am__fastdepCC_FALSE='#'
am__fastdepCC_TRUE=''
am__fastdepCXX_FALSE='#'
am__fastdepCXX_TRUE=''
am__include='include'
am__isrc=''
am__leading_dot='.'
am__nodep='_no'
am__quote=''
am__tar='$${TAR-tar} chof - "$$tardir"'
am__untar='$${TAR-tar} xf -'
bindir='${exec_prefix}/bin'
build='x86_64-pc-linux-gnu'
build_alias=''
build_cpu='x86_64'
build_os='linux-gnu'
build_vendor='pc'
datadir='${datarootdir}'
datarootdir='${prefix}/share'
docdir='${datarootdir}/doc/${PACKAGE_TARNAME}'
dvidir='${docdir}'
exec_prefix='${prefix}'
host='x86_64-pc-linux-gnu'
host_alias=''
host_cpu='x86_64'
host_os='linux-gnu'
host_vendor='pc'
htmldir='${docdir}'
includedir='${prefix}/include'
infodir='${datarootdir}/info'
install_sh='${SHELL} /home/huan/GitHub/finestructure4_fh/config/install-sh'
libdir='${exec_prefix}/lib'
libexecdir='${exec_prefix}/libexec'
localedir='${datarootdir}/locale'
localstatedir='${prefix}/var'
mandir='${datarootdir}/man'
mkdir_p='$(MKDIR_P)'
oldincludedir='/usr/include'
pdfdir='${docdir}'
prefix='/usr/local'
program_transform_name='s,x,x,'
psdir='${docdir}'
runstatedir='${localstatedir}/run'
sbindir='${exec_prefix}/sbin'
sharedstatedir='${prefix}/com'
sysconfdir='${prefix}/etc'
target_alias=''

## ----------- ##
## confdefs.h. ##
## ----------- ##

/* confdefs.h */
#define PACKAGE_NAME "fs"
#define PACKAGE_TARNAME "fs"
#define PACKAGE_VERSION "4.1.0"
#define PACKAGE_STRING "fs 4.1.0"
#define PACKAGE_BUGREPORT "dan.lawson@bristol.ac.uk"
#define PACKAGE_URL "http://www.paintmychromosomes.com"
#define HAVE_STDIO_H 1
#define HAVE_STDLIB_H 1
#define HAVE_STRING_H 1
#define HAVE_INTTYPES_H 1
#define HAVE_STDINT_H 1
#define HAVE_STRINGS_H 1
#define HAVE_SYS_STAT_H 1
#define HAVE_SYS_TYPES_H 1
#define HAVE_UNISTD_H 1
#define STDC_HEADERS 1
#define HAVE_DLFCN_H 1
#define LT_OBJDIR ".libs/"

configure: exit 0
